# JRE version: OpenJDK Runtime Environment Microsoft-8035246 (17.0.8+7) (build 17.0.8+7-LTS)
# Java VM: OpenJDK 64-Bit Server VM Microsoft-8035246 (17.0.8+7-LTS, mixed mode, sharing, tiered, compressed oops, compressed class ptrs, g1 gc, windows-amd64)
GC Precious Log:
 CPUs: 8 total, 8 available
 Memory: 16238M
 Large Page Support: Disabled
 NUMA Support: Disabled
 Compressed Oops: Enabled (32-bit)
 Heap Region Size: 1M
 Heap Min Capacity: 8M
 Heap Initial Capacity: 254M
 Heap Max Capacity: 2G
 Pre-touch: Disabled
 Parallel Workers: 8
 Concurrent Workers: 2
 Concurrent Refinement Workers: 8
 Periodic GC: Disabled
Heap:
 garbage-first heap   total 395264K, used 185103K [0x0000000080000000, 0x0000000100000000)
  region size 1024K, 21 young (21504K), 11 survivors (11264K)
 Metaspace       used 98987K, committed 100032K, reserved 557056K
  class space    used 13905K, committed 14400K, reserved 425984K
GC Heap History (20 events):
Event: 22.337 GC heap before
{Heap before GC invocations=43 (full 0):
 garbage-first heap   total 193536K, used 143738K [0x0000000080000000, 0x0000000100000000)
  region size 1024K, 60 young (61440K), 7 survivors (7168K)
 Metaspace       used 80279K, committed 81024K, reserved 557056K
  class space    used 11205K, committed 11520K, reserved 425984K
}
Event: 22.344 GC heap after
{Heap after GC invocations=44 (full 0):
 garbage-first heap   total 193536K, used 92428K [0x0000000080000000, 0x0000000100000000)
  region size 1024K, 7 young (7168K), 7 survivors (7168K)
 Metaspace       used 80279K, committed 81024K, reserved 557056K
  class space    used 11205K, committed 11520K, reserved 425984K
}
Event: 22.869 GC heap before
{Heap before GC invocations=44 (full 0):
 garbage-first heap   total 193536K, used 148748K [0x0000000080000000, 0x0000000100000000)
  region size 1024K, 62 young (63488K), 7 survivors (7168K)
 Metaspace       used 84129K, committed 84928K, reserved 557056K
  class space    used 11908K, committed 12288K, reserved 425984K
}
Event: 22.875 GC heap after
{Heap after GC invocations=45 (full 0):
 garbage-first heap   total 193536K, used 94690K [0x0000000080000000, 0x0000000100000000)
  region size 1024K, 6 young (6144K), 6 survivors (6144K)
 Metaspace       used 84129K, committed 84928K, reserved 557056K
  class space    used 11908K, committed 12288K, reserved 425984K
}
Event: 23.617 GC heap before
{Heap before GC invocations=45 (full 0):
 garbage-first heap   total 193536K, used 152034K [0x0000000080000000, 0x0000000100000000)
  region size 1024K, 62 young (63488K), 6 survivors (6144K)
 Metaspace       used 86297K, committed 87104K, reserved 557056K
  class space    used 12183K, committed 12544K, reserved 425984K
}
Event: 23.626 GC heap after
{Heap after GC invocations=46 (full 0):
 garbage-first heap   total 193536K, used 99891K [0x0000000080000000, 0x0000000100000000)
  region size 1024K, 8 young (8192K), 8 survivors (8192K)
 Metaspace       used 86297K, committed 87104K, reserved 557056K
  class space    used 12183K, committed 12544K, reserved 425984K
}
Event: 24.553 GC heap before
{Heap before GC invocations=47 (full 0):
 garbage-first heap   total 193536K, used 157235K [0x0000000080000000, 0x0000000100000000)
  region size 1024K, 61 young (62464K), 8 survivors (8192K)
 Metaspace       used 88063K, committed 88960K, reserved 557056K
  class space    used 12471K, committed 12864K, reserved 425984K
}
Event: 24.566 GC heap after
{Heap after GC invocations=48 (full 0):
 garbage-first heap   total 193536K, used 114389K [0x0000000080000000, 0x0000000100000000)
  region size 1024K, 8 young (8192K), 8 survivors (8192K)
 Metaspace       used 88063K, committed 88960K, reserved 557056K
  class space    used 12471K, committed 12864K, reserved 425984K
}
Event: 24.598 GC heap before
{Heap before GC invocations=48 (full 0):
 garbage-first heap   total 193536K, used 115413K [0x0000000080000000, 0x0000000100000000)
  region size 1024K, 9 young (9216K), 8 survivors (8192K)
 Metaspace       used 88111K, committed 88960K, reserved 557056K
  class space    used 12478K, committed 12864K, reserved 425984K
}
Event: 24.604 GC heap after
{Heap after GC invocations=49 (full 0):
 garbage-first heap   total 193536K, used 115301K [0x0000000080000000, 0x0000000100000000)
  region size 1024K, 1 young (1024K), 1 survivors (1024K)
 Metaspace       used 88111K, committed 88960K, reserved 557056K
  class space    used 12478K, committed 12864K, reserved 425984K
}
Event: 25.362 GC heap before
{Heap before GC invocations=49 (full 0):
 garbage-first heap   total 193536K, used 157285K [0x0000000080000000, 0x0000000100000000)
  region size 1024K, 40 young (40960K), 1 survivors (1024K)
 Metaspace       used 88699K, committed 89536K, reserved 557056K
  class space    used 12536K, committed 12928K, reserved 425984K
}
Event: 25.370 GC heap after
{Heap after GC invocations=50 (full 0):
 garbage-first heap   total 193536K, used 126650K [0x0000000080000000, 0x0000000100000000)
  region size 1024K, 5 young (5120K), 5 survivors (5120K)
 Metaspace       used 88699K, committed 89536K, reserved 557056K
  class space    used 12536K, committed 12928K, reserved 425984K
}
Event: 25.904 GC heap before
{Heap before GC invocations=51 (full 0):
 garbage-first heap   total 219136K, used 157370K [0x0000000080000000, 0x0000000100000000)
  region size 1024K, 34 young (34816K), 5 survivors (5120K)
 Metaspace       used 88986K, committed 89856K, reserved 557056K
  class space    used 12569K, committed 12992K, reserved 425984K
}
Event: 25.914 GC heap after
{Heap after GC invocations=52 (full 0):
 garbage-first heap   total 219136K, used 135486K [0x0000000080000000, 0x0000000100000000)
  region size 1024K, 5 young (5120K), 5 survivors (5120K)
 Metaspace       used 88986K, committed 89856K, reserved 557056K
  class space    used 12569K, committed 12992K, reserved 425984K
}
Event: 26.037 GC heap before
{Heap before GC invocations=52 (full 0):
 garbage-first heap   total 219136K, used 140606K [0x0000000080000000, 0x0000000100000000)
  region size 1024K, 10 young (10240K), 5 survivors (5120K)
 Metaspace       used 89057K, committed 89984K, reserved 557056K
  class space    used 12579K, committed 12992K, reserved 425984K
}
Event: 26.044 GC heap after
{Heap after GC invocations=53 (full 0):
 garbage-first heap   total 395264K, used 136557K [0x0000000080000000, 0x0000000100000000)
  region size 1024K, 2 young (2048K), 2 survivors (2048K)
 Metaspace       used 89057K, committed 89984K, reserved 557056K
  class space    used 12579K, committed 12992K, reserved 425984K
}
Event: 28.695 GC heap before
{Heap before GC invocations=53 (full 0):
 garbage-first heap   total 395264K, used 286061K [0x0000000080000000, 0x0000000100000000)
  region size 1024K, 147 young (150528K), 2 survivors (2048K)
 Metaspace       used 96656K, committed 97600K, reserved 557056K
  class space    used 13607K, committed 14080K, reserved 425984K
}
Event: 28.716 GC heap after
{Heap after GC invocations=54 (full 0):
 garbage-first heap   total 395264K, used 153265K [0x0000000080000000, 0x0000000100000000)
  region size 1024K, 16 young (16384K), 16 survivors (16384K)
 Metaspace       used 96656K, committed 97600K, reserved 557056K
  class space    used 13607K, committed 14080K, reserved 425984K
}
Event: 30.780 GC heap before
{Heap before GC invocations=54 (full 0):
 garbage-first heap   total 395264K, used 286385K [0x0000000080000000, 0x0000000100000000)
  region size 1024K, 147 young (150528K), 16 survivors (16384K)
 Metaspace       used 98606K, committed 99584K, reserved 557056K
  class space    used 13891K, committed 14336K, reserved 425984K
}
Event: 30.809 GC heap after
{Heap after GC invocations=55 (full 0):
 garbage-first heap   total 395264K, used 165295K [0x0000000080000000, 0x0000000100000000)
  region size 1024K, 12 young (12288K), 12 survivors (12288K)
 Metaspace       used 98606K, committed 99584K, reserved 557056K
  class space    used 13891K, committed 14336K, reserved 425984K
}

